<?xml version="1.0" encoding="UTF-8"?>
<!-- Generated by org.testng.reporters.JUnitReportReporter -->
<testsuite skipped="0" hostname="DESKTOP-1T2AMDB" name="com.Banking.TestCases.TC_LoginTest_001" tests="1" failures="0" timestamp="2020-05-03T19:48:11 IST" time="1.757" errors="0">
  <testcase name="loginTest" time="1.757" classname="com.Banking.TestCases.TC_LoginTest_001"/>
</testsuite> <!-- com.Banking.TestCases.TC_LoginTest_001 -->
